<?xml version="1.0" encoding="UTF-8"?>
<!-- Generated by org.testng.reporters.JUnitXMLReporter -->
<testsuite ignored="6" hostname="LAPTOP-O1PRKNEB" failures="0" tests="2" name="groupingtest" time="0.095" errors="0" timestamp="2024-12-19T12:56:41 IST">
  <testcase classname="testng_day2_package.PaymentTests" name="paymentinDollars" time="0.022"/>
  <testcase classname="testng_day2_package.PaymentTests" name="paymentinRupees" time="0.002"/>
  <testcase classname="testng_day2_package.SignUp_test" name="SignUpByFacebook" time="0.0">
    <ignored/>
  </testcase> <!-- SignUpByFacebook -->
  <testcase classname="testng_day2_package.SignUp_test" name="SignUpByEmail" time="0.0">
    <ignored/>
  </testcase> <!-- SignUpByEmail -->
  <testcase classname="testng_day2_package.Login_tests" name="loginByEmail" time="0.0">
    <ignored/>
  </testcase> <!-- loginByEmail -->
  <testcase classname="testng_day2_package.Login_tests" name="loginByTwitter" time="0.0">
    <ignored/>
  </testcase> <!-- loginByTwitter -->
  <testcase classname="testng_day2_package.Login_tests" name="loginByFacebook" time="0.0">
    <ignored/>
  </testcase> <!-- loginByFacebook -->
  <testcase classname="testng_day2_package.SignUp_test" name="SignUpByTwitter" time="0.0">
    <ignored/>
  </testcase> <!-- SignUpByTwitter -->
</testsuite> <!-- groupingtest -->
