<?xml version="1.0" encoding="UTF-8"?>
<!-- Generated by org.testng.reporters.JUnitXMLReporter -->
<testsuite ignored="0" hostname="LAPTOP-O1PRKNEB" failures="0" tests="3" name="ChromeTest" time="9.958" errors="0" timestamp="2024-12-19T17:07:45 IST">
  <testcase classname="testng_day3.ParamTest" name="testLogo" time="0.075"/>
  <testcase classname="testng_day3.ParamTest" name="testTitle" time="0.014"/>
  <testcase classname="testng_day3.ParamTest" name="testURL" time="0.012"/>
</testsuite> <!-- ChromeTest -->
