<?xml version="1.0" encoding="UTF-8"?>
<!-- Generated by org.testng.reporters.JUnitXMLReporter -->
<testsuite ignored="0" hostname="LAPTOP-O1PRKNEB" failures="0" tests="3" name="EdgeTest" time="11.56" errors="0" timestamp="2024-12-19T17:07:46 IST">
  <testcase classname="testng_day3.ParamTest" name="testLogo" time="0.056"/>
  <testcase classname="testng_day3.ParamTest" name="testTitle" time="0.01"/>
  <testcase classname="testng_day3.ParamTest" name="testURL" time="0.007"/>
</testsuite> <!-- EdgeTest -->
