<?xml version="1.0" encoding="UTF-8"?>
<!-- Generated by org.testng.reporters.JUnitXMLReporter -->
<testsuite ignored="0" hostname="LAPTOP-O1PRKNEB" failures="0" tests="4" name="Test" time="11.912" errors="0" timestamp="2024-12-20T14:45:52 IST">
  <testcase classname="testng_4report.OrangeHRM" name="openApp" time="7.025"/>
  <testcase classname="testng_4report.OrangeHRM" name="testLogo" time="3.04"/>
  <testcase classname="testng_4report.OrangeHRM" name="testLogin" time="1.409"/>
  <testcase classname="testng_4report.OrangeHRM" name="closeApp" time="0.097"/>
</testsuite> <!-- Test -->
