<?xml version="1.0" encoding="UTF-8"?>
<testng-results ignored="0" total="1" passed="1" failed="0" skipped="0">
  <reporter-output>
  </reporter-output>
  <suite started-at="2024-12-20T17:34:36 IST" name="Default suite" finished-at="2024-12-20T17:34:49 IST" duration-ms="12531">
    <groups>
    </groups>
    <test started-at="2024-12-20T17:34:36 IST" name="Default test" finished-at="2024-12-20T17:34:49 IST" duration-ms="12531">
      <class name="pageobject.LoginTest">
        <test-method is-config="true" signature="setup()[pri:0, instance:pageobject.LoginTest@201a4587]" started-at="2024-12-20T17:34:36 IST" name="setup" finished-at="2024-12-20T17:34:46 IST" duration-ms="9400" status="PASS">
          <reporter-output>
          </reporter-output>
        </test-method> <!-- setup -->
        <test-method signature="testLogin()[pri:0, instance:pageobject.LoginTest@201a4587]" started-at="2024-12-20T17:34:46 IST" name="testLogin" finished-at="2024-12-20T17:34:48 IST" duration-ms="2680" status="PASS">
          <reporter-output>
          </reporter-output>
        </test-method> <!-- testLogin -->
        <test-method is-config="true" signature="TearDown()[pri:0, instance:pageobject.LoginTest@201a4587]" started-at="2024-12-20T17:34:48 IST" name="TearDown" finished-at="2024-12-20T17:34:49 IST" duration-ms="370" status="PASS">
          <reporter-output>
          </reporter-output>
        </test-method> <!-- TearDown -->
      </class> <!-- pageobject.LoginTest -->
    </test> <!-- Default test -->
  </suite> <!-- Default suite -->
</testng-results>
